INFO  [2016-08-19 08:16:33,767] org.eclipse.jetty.util.log: Logging initialized @2302ms
INFO  [2016-08-19 08:16:34,273] io.dropwizard.server.ServerFactory: Starting Initializer
INFO  [2016-08-19 08:16:34,379] io.dropwizard.server.DefaultServerFactory: Registering jersey handler with root path prefix: /
INFO  [2016-08-19 08:16:34,473] io.dropwizard.server.DefaultServerFactory: Registering admin handler with root path prefix: /
INFO  [2016-08-19 08:16:34,683] org.eclipse.jetty.setuid.SetUIDListener: Opened application@3d08f3f5{HTTP/1.1}{localhost:8181}
INFO  [2016-08-19 08:16:34,683] org.eclipse.jetty.setuid.SetUIDListener: Opened admin@119f1f2a{HTTP/1.1}{0.0.0.0:8282}
INFO  [2016-08-19 08:16:34,686] org.eclipse.jetty.server.Server: jetty-9.2.13.v20150730
INFO  [2016-08-19 08:16:36,040] io.dropwizard.jersey.DropwizardResourceConfig: The following paths were found for the configured resources:

    NONE

INFO  [2016-08-19 08:16:36,043] org.eclipse.jetty.server.handler.ContextHandler: Started i.d.j.MutableServletContextHandler@19569ebd{/,null,AVAILABLE}
INFO  [2016-08-19 08:16:36,074] io.dropwizard.setup.AdminEnvironment: tasks = 

    POST    /tasks/log-level (io.dropwizard.servlets.tasks.LogConfigurationTask)
    POST    /tasks/gc (io.dropwizard.servlets.tasks.GarbageCollectionTask)

WARN  [2016-08-19 08:16:36,075] io.dropwizard.setup.AdminEnvironment: 
!!!!!!!!!!!!!!!!!!!!!!!!!!!!!!!!!!!!!!!!!!!!!!!!!!!!!!!!!!!!!!!!!!!!!!!!!!!!!!!!
!!!!!!!!!!!!!!!!!!!!!!!!!!!!!!!!!!!!!!!!!!!!!!!!!!!!!!!!!!!!!!!!!!!!!!!!!!!!!!!!
!    THIS APPLICATION HAS NO HEALTHCHECKS. THIS MEANS YOU WILL NEVER KNOW      !
!     IF IT DIES IN PRODUCTION, WHICH MEANS YOU WILL NEVER KNOW IF YOU'RE      !
!    LETTING YOUR USERS DOWN. YOU SHOULD ADD A HEALTHCHECK FOR EACH OF YOUR    !
!         APPLICATION'S DEPENDENCIES WHICH FULLY (BUT LIGHTLY) TESTS IT.       !
!!!!!!!!!!!!!!!!!!!!!!!!!!!!!!!!!!!!!!!!!!!!!!!!!!!!!!!!!!!!!!!!!!!!!!!!!!!!!!!!
!!!!!!!!!!!!!!!!!!!!!!!!!!!!!!!!!!!!!!!!!!!!!!!!!!!!!!!!!!!!!!!!!!!!!!!!!!!!!!!!
INFO  [2016-08-19 08:16:36,080] org.eclipse.jetty.server.handler.ContextHandler: Started i.d.j.MutableServletContextHandler@185f7840{/,null,AVAILABLE}
INFO  [2016-08-19 08:16:36,126] org.eclipse.jetty.server.ServerConnector: Started application@3d08f3f5{HTTP/1.1}{localhost:8181}
INFO  [2016-08-19 08:16:36,126] org.eclipse.jetty.server.ServerConnector: Started admin@119f1f2a{HTTP/1.1}{0.0.0.0:8282}
INFO  [2016-08-19 08:16:36,126] org.eclipse.jetty.server.Server: Started @4671ms
